2016-11-18 13:00:48,815 - __main__ - INFO - Hello baby
2016-11-18 13:14:53,426 - __main__ - INFO - info!
2016-11-18 13:14:53,427 - __main__ - WARNING - warning
2016-11-18 13:14:53,427 - __main__ - ERROR - warning
2016-11-18 13:21:25,778 - __main__ - INFO - info!
2016-11-18 13:21:25,779 - __main__ - WARNING - warn
2016-11-18 13:21:25,779 - __main__ - ERROR - error
2016-11-18 13:22:09,503 - __main__ - INFO - info!
2016-11-18 13:22:09,503 - __main__ - WARNING - warn
2016-11-18 13:22:09,503 - __main__ - ERROR - error
2016-11-18 13:22:09,503 - __main__ - WARNING - 343443
2016-11-18 13:23:47,342 - __main__ - INFO - info!
2016-11-18 13:23:47,342 - __main__ - WARNING - warn
2016-11-18 13:23:47,342 - __main__ - ERROR - error
2016-11-18 13:23:47,345 - __main__ - WARNING - 343443
2016-11-18 13:25:44,566 - __main__ - INFO - info!
2016-11-18 13:25:44,568 - __main__ - WARNING - warn
2016-11-18 13:25:44,569 - __main__ - ERROR - error
2016-11-18 13:25:44,569 - __main__ - WARNING - 343443
2016-11-18 13:55:21,332 - __main__ - INFO - info!
2016-11-18 13:55:21,334 - __main__ - WARNING - warn
2016-11-18 13:55:21,334 - __main__ - ERROR - error
2016-11-18 13:55:21,334 - __main__ - WARNING - 343443
